Orbit Test Suite Results
======================
Run at: Mon Apr 14 23:24:47 CEST 2025

advanced_runcore_test.orb: FAILED
closure.orb: FAILED
custom_functions_test.orb: FAILED
functions.orb: PASSED
ifelse.orb: PASSED
lambda.orb: PASSED
lazy.orb: FAILED
lazy_ograph.orb: TIMEOUT
lazy_ograph_fixed.orb: TIMEOUT
match_test.orb: PASSED
ograph_demo.orb: FAILED
pattern.orb: PASSED
pattern_matching.orb: FAILED
pattern_test.orb: PASSED
pretty_test.orb: TIMEOUT
rewrite_patterns.orb: FAILED
runcore_test.orb: FAILED
simple.orb: PASSED
simple_cond_test.orb: PASSED
simple_ograph.orb: FAILED
test_bool.orb: PASSED
variables.orb: PASSED

Tests run: 22, Passed: 10, Failed: 12
Failed tests: advanced_runcore_test.orb closure.orb custom_functions_test.orb lazy.orb lazy_ograph.orb(timeout) lazy_ograph_fixed.orb(timeout) ograph_demo.orb pattern_matching.orb pretty_test.orb(timeout) rewrite_patterns.orb runcore_test.orb simple_ograph.orb
